0 info it worked if it ends with ok
1 verbose cli [ 'C:\\Program Files\\nodejs\\node.exe',
1 verbose cli   'C:\\Program Files\\nodejs\\node_modules\\npm\\bin\\npm-cli.js',
1 verbose cli   'info' ]
2 info using npm@3.10.8
3 info using node@v6.7.0
4 silly mapToRegistry name FrontendFoundations
5 silly mapToRegistry using default registry
6 silly mapToRegistry registry https://registry.npmjs.org/
7 silly mapToRegistry data Result {
7 silly mapToRegistry   raw: 'FrontendFoundations',
7 silly mapToRegistry   scope: null,
7 silly mapToRegistry   escapedName: 'FrontendFoundations',
7 silly mapToRegistry   name: 'FrontendFoundations',
7 silly mapToRegistry   rawSpec: '',
7 silly mapToRegistry   spec: 'latest',
7 silly mapToRegistry   type: 'tag' }
8 silly mapToRegistry uri https://registry.npmjs.org/FrontendFoundations
9 verbose request uri https://registry.npmjs.org/FrontendFoundations
10 verbose request no auth needed
11 info attempt registry request try #1 at 7:54:08 AM
12 verbose request using bearer token for auth
13 verbose request id 3a386e2852daab7d
14 http request GET https://registry.npmjs.org/FrontendFoundations
15 http 404 https://registry.npmjs.org/FrontendFoundations
16 verbose headers { 'content-type': 'application/json',
16 verbose headers   'cache-control': 'max-age=0',
16 verbose headers   'content-length': '2',
16 verbose headers   'accept-ranges': 'bytes',
16 verbose headers   date: 'Fri, 28 Apr 2017 06:54:00 GMT',
16 verbose headers   via: '1.1 varnish',
16 verbose headers   connection: 'keep-alive',
16 verbose headers   'x-served-by': 'cache-lhr6334-LHR',
16 verbose headers   'x-cache': 'MISS',
16 verbose headers   'x-cache-hits': '0',
16 verbose headers   'x-timer': 'S1493362440.995584,VS0,VE403',
16 verbose headers   vary: 'Accept-Encoding' }
17 silly get cb [ 404,
17 silly get   { 'content-type': 'application/json',
17 silly get     'cache-control': 'max-age=0',
17 silly get     'content-length': '2',
17 silly get     'accept-ranges': 'bytes',
17 silly get     date: 'Fri, 28 Apr 2017 06:54:00 GMT',
17 silly get     via: '1.1 varnish',
17 silly get     connection: 'keep-alive',
17 silly get     'x-served-by': 'cache-lhr6334-LHR',
17 silly get     'x-cache': 'MISS',
17 silly get     'x-cache-hits': '0',
17 silly get     'x-timer': 'S1493362440.995584,VS0,VE403',
17 silly get     vary: 'Accept-Encoding' } ]
18 verbose stack Error: Registry returned 404 for GET on https://registry.npmjs.org/FrontendFoundations
18 verbose stack     at makeError (C:\Program Files\nodejs\node_modules\npm\node_modules\npm-registry-client\lib\request.js:302:12)
18 verbose stack     at CachingRegistryClient.<anonymous> (C:\Program Files\nodejs\node_modules\npm\node_modules\npm-registry-client\lib\request.js:280:14)
18 verbose stack     at Request._callback (C:\Program Files\nodejs\node_modules\npm\node_modules\npm-registry-client\lib\request.js:210:14)
18 verbose stack     at Request.self.callback (C:\Program Files\nodejs\node_modules\npm\node_modules\request\request.js:187:22)
18 verbose stack     at emitTwo (events.js:106:13)
18 verbose stack     at Request.emit (events.js:191:7)
18 verbose stack     at Request.<anonymous> (C:\Program Files\nodejs\node_modules\npm\node_modules\request\request.js:1044:10)
18 verbose stack     at emitOne (events.js:96:13)
18 verbose stack     at Request.emit (events.js:188:7)
18 verbose stack     at IncomingMessage.<anonymous> (C:\Program Files\nodejs\node_modules\npm\node_modules\request\request.js:965:12)
19 verbose statusCode 404
20 verbose pkgid FrontendFoundations
21 verbose cwd G:\48k\bemsass\frontendfoundations
22 error Windows_NT 10.0.14393
23 error argv "C:\\Program Files\\nodejs\\node.exe" "C:\\Program Files\\nodejs\\node_modules\\npm\\bin\\npm-cli.js" "info"
24 error node v6.7.0
25 error npm  v3.10.8
26 error code E404
27 error 404 Registry returned 404 for GET on https://registry.npmjs.org/FrontendFoundations
28 error 404
29 error 404 'FrontendFoundations' is not in the npm registry.
30 error 404 Your package name is not valid, because
31 error 404 1. name can no longer contain capital letters
32 error 404 Note that you can also install from a
33 error 404 tarball, folder, http url, or git url.
34 verbose exit [ 1, true ]
